C:\Program Files\Microsoft Visual Studio\2022\Community\MSBuild\Microsoft\VC\v170\Microsoft.CppBuild.targets(517,5): warning MSB8004: Output Directory does not end with a trailing slash.  This build instance will add the slash as it is required to allow proper evaluation of the Output Directory.
  g_cmds.c
C:\school_dev\IT266\IT266-Quake-2-Mod\game\g_cmds.c(34,2): warning C4996: 'strcpy': This function or variable may be unsafe. Consider using strcpy_s instead. To disable deprecation, use _CRT_SECURE_NO_WARNINGS. See online help for details.
C:\school_dev\IT266\IT266-Quake-2-Mod\game\g_cmds.c(57,2): warning C4996: 'strcpy': This function or variable may be unsafe. Consider using strcpy_s instead. To disable deprecation, use _CRT_SECURE_NO_WARNINGS. See online help for details.
C:\school_dev\IT266\IT266-Quake-2-Mod\game\g_cmds.c(58,2): warning C4996: 'strcpy': This function or variable may be unsafe. Consider using strcpy_s instead. To disable deprecation, use _CRT_SECURE_NO_WARNINGS. See online help for details.
C:\school_dev\IT266\IT266-Quake-2-Mod\game\g_cmds.c(722,4): warning C4996: 'strcat': This function or variable may be unsafe. Consider using strcat_s instead. To disable deprecation, use _CRT_SECURE_NO_WARNINGS. See online help for details.
C:\school_dev\IT266\IT266-Quake-2-Mod\game\g_cmds.c(725,3): warning C4996: 'strcat': This function or variable may be unsafe. Consider using strcat_s instead. To disable deprecation, use _CRT_SECURE_NO_WARNINGS. See online help for details.
C:\school_dev\IT266\IT266-Quake-2-Mod\game\g_cmds.c(808,3): warning C4996: 'strcat': This function or variable may be unsafe. Consider using strcat_s instead. To disable deprecation, use _CRT_SECURE_NO_WARNINGS. See online help for details.
C:\school_dev\IT266\IT266-Quake-2-Mod\game\g_cmds.c(809,3): warning C4996: 'strcat': This function or variable may be unsafe. Consider using strcat_s instead. To disable deprecation, use _CRT_SECURE_NO_WARNINGS. See online help for details.
C:\school_dev\IT266\IT266-Quake-2-Mod\game\g_cmds.c(810,3): warning C4996: 'strcat': This function or variable may be unsafe. Consider using strcat_s instead. To disable deprecation, use _CRT_SECURE_NO_WARNINGS. See online help for details.
C:\school_dev\IT266\IT266-Quake-2-Mod\game\g_cmds.c(821,3): warning C4996: 'strcat': This function or variable may be unsafe. Consider using strcat_s instead. To disable deprecation, use _CRT_SECURE_NO_WARNINGS. See online help for details.
C:\school_dev\IT266\IT266-Quake-2-Mod\game\g_cmds.c(828,2): warning C4996: 'strcat': This function or variable may be unsafe. Consider using strcat_s instead. To disable deprecation, use _CRT_SECURE_NO_WARNINGS. See online help for details.
C:\school_dev\IT266\IT266-Quake-2-Mod\game\g_cmds.c(875,7): warning C4459: declaration of 'st' hides global declaration
  C:\school_dev\IT266\IT266-Quake-2-Mod\game\g_local.h(456,21):
  see declaration of 'st'
  
C:\school_dev\IT266\IT266-Quake-2-Mod\game\g_cmds.c(897,3): warning C4996: 'strcat': This function or variable may be unsafe. Consider using strcat_s instead. To disable deprecation, use _CRT_SECURE_NO_WARNINGS. See online help for details.
C:\school_dev\IT266\IT266-Quake-2-Mod\game\g_cmds.c(885,3): warning C4996: 'sprintf': This function or variable may be unsafe. Consider using sprintf_s instead. To disable deprecation, use _CRT_SECURE_NO_WARNINGS. See online help for details.
C:\school_dev\IT266\IT266-Quake-2-Mod\game\g_cmds.c(893,4): warning C4996: 'sprintf': This function or variable may be unsafe. Consider using sprintf_s instead. To disable deprecation, use _CRT_SECURE_NO_WARNINGS. See online help for details.
  g_func.c
C:\school_dev\IT266\IT266-Quake-2-Mod\game\g_func.c(454,54): warning C4100: 'activator': unreferenced formal parameter
C:\school_dev\IT266\IT266-Quake-2-Mod\game\g_func.c(454,38): warning C4100: 'other': unreferenced formal parameter
C:\school_dev\IT266\IT266-Quake-2-Mod\game\g_func.c(462,83): warning C4100: 'surf': unreferenced formal parameter
C:\school_dev\IT266\IT266-Quake-2-Mod\game\g_func.c(462,64): warning C4100: 'plane': unreferenced formal parameter
C:\school_dev\IT266\IT266-Quake-2-Mod\game\g_func.c(626,81): warning C4100: 'surf': unreferenced formal parameter
C:\school_dev\IT266\IT266-Quake-2-Mod\game\g_func.c(626,62): warning C4100: 'plane': unreferenced formal parameter
C:\school_dev\IT266\IT266-Quake-2-Mod\game\g_func.c(632,59): warning C4100: 'activator': unreferenced formal parameter
C:\school_dev\IT266\IT266-Quake-2-Mod\game\g_func.c(632,43): warning C4100: 'other': unreferenced formal parameter
C:\school_dev\IT266\IT266-Quake-2-Mod\game\g_func.c(763,41): warning C4100: 'other': unreferenced formal parameter
C:\school_dev\IT266\IT266-Quake-2-Mod\game\g_func.c(769,79): warning C4100: 'surf': unreferenced formal parameter
C:\school_dev\IT266\IT266-Quake-2-Mod\game\g_func.c(769,60): warning C4100: 'plane': unreferenced formal parameter
C:\school_dev\IT266\IT266-Quake-2-Mod\game\g_func.c(781,93): warning C4100: 'point': unreferenced formal parameter
C:\school_dev\IT266\IT266-Quake-2-Mod\game\g_func.c(781,78): warning C4100: 'damage': unreferenced formal parameter
C:\school_dev\IT266\IT266-Quake-2-Mod\game\g_func.c(781,44): warning C4100: 'inflictor': unreferenced formal parameter
C:\school_dev\IT266\IT266-Quake-2-Mod\game\g_func.c(975,39): warning C4100: 'other': unreferenced formal parameter
C:\school_dev\IT266\IT266-Quake-2-Mod\game\g_func.c(1006,84): warning C4100: 'surf': unreferenced formal parameter
C:\school_dev\IT266\IT266-Quake-2-Mod\game\g_func.c(1006,65): warning C4100: 'plane': unreferenced formal parameter
C:\school_dev\IT266\IT266-Quake-2-Mod\game\g_func.c(1139,91): warning C4100: 'point': unreferenced formal parameter
C:\school_dev\IT266\IT266-Quake-2-Mod\game\g_func.c(1139,76): warning C4100: 'damage': unreferenced formal parameter
C:\school_dev\IT266\IT266-Quake-2-Mod\game\g_func.c(1139,42): warning C4100: 'inflictor': unreferenced formal parameter
C:\school_dev\IT266\IT266-Quake-2-Mod\game\g_func.c(1151,77): warning C4100: 'surf': unreferenced formal parameter
C:\school_dev\IT266\IT266-Quake-2-Mod\game\g_func.c(1151,58): warning C4100: 'plane': unreferenced formal parameter
C:\school_dev\IT266\IT266-Quake-2-Mod\game\g_func.c(1659,40): warning C4100: 'other': unreferenced formal parameter
C:\school_dev\IT266\IT266-Quake-2-Mod\game\g_func.c(1725,67): warning C4100: 'activator': unreferenced formal parameter
C:\school_dev\IT266\IT266-Quake-2-Mod\game\g_func.c(1803,45): warning C4100: 'other': unreferenced formal parameter
C:\school_dev\IT266\IT266-Quake-2-Mod\game\g_func.c(1851,64): warning C4100: 'activator': unreferenced formal parameter
C:\school_dev\IT266\IT266-Quake-2-Mod\game\g_func.c(1851,48): warning C4100: 'other': unreferenced formal parameter
C:\school_dev\IT266\IT266-Quake-2-Mod\game\g_func.c(1912,62): warning C4100: 'activator': unreferenced formal parameter
C:\school_dev\IT266\IT266-Quake-2-Mod\game\g_func.c(1912,46): warning C4100: 'other': unreferenced formal parameter
C:\school_dev\IT266\IT266-Quake-2-Mod\game\g_func.c(1986,95): warning C4100: 'point': unreferenced formal parameter
C:\school_dev\IT266\IT266-Quake-2-Mod\game\g_func.c(1986,80): warning C4100: 'damage': unreferenced formal parameter
C:\school_dev\IT266\IT266-Quake-2-Mod\game\g_func.c(1986,46): warning C4100: 'inflictor': unreferenced formal parameter
C:\school_dev\IT266\IT266-Quake-2-Mod\game\g_func.c(2063,58): warning C4100: 'activator': unreferenced formal parameter
C:\school_dev\IT266\IT266-Quake-2-Mod\game\g_func.c(2063,42): warning C4100: 'other': unreferenced formal parameter
  Generating Code...
C:\school_dev\IT266\IT266-Quake-2-Mod\game\g_func.c(885,1): warning C4706: assignment within conditional expression
     Creating library .\..\release\gamex86.lib and object .\..\release\gamex86.exp
  game.vcxproj -> C:\Program Files (x86)\Steam\steamapps\common\Quake 2\mod\gamex86.dll
