c:\school_dev\it266\it266-quake-2-mod\ref_gl\release\vc143.pdb
c:\school_dev\it266\it266-quake-2-mod\ref_gl\release\qgl_win.obj
c:\school_dev\it266\it266-quake-2-mod\ref_gl\release\q_shwin.obj
c:\school_dev\it266\it266-quake-2-mod\ref_gl\release\q_shared.obj
c:\school_dev\it266\it266-quake-2-mod\ref_gl\release\glw_imp.obj
c:\school_dev\it266\it266-quake-2-mod\ref_gl\release\gl_warp.obj
c:\school_dev\it266\it266-quake-2-mod\ref_gl\release\gl_rsurf.obj
c:\school_dev\it266\it266-quake-2-mod\ref_gl\release\gl_rmisc.obj
c:\school_dev\it266\it266-quake-2-mod\ref_gl\release\gl_rmain.obj
c:\school_dev\it266\it266-quake-2-mod\ref_gl\release\gl_model.obj
c:\school_dev\it266\it266-quake-2-mod\ref_gl\release\gl_mesh.obj
c:\school_dev\it266\it266-quake-2-mod\ref_gl\release\gl_light.obj
c:\school_dev\it266\it266-quake-2-mod\ref_gl\release\gl_image.obj
c:\school_dev\it266\it266-quake-2-mod\ref_gl\release\gl_draw.obj
c:\school_dev\it266\it266-quake-2-mod\release\ref_gl.dll
c:\school_dev\it266\it266-quake-2-mod\release\ref_gl.lib
c:\school_dev\it266\it266-quake-2-mod\release\ref_gl.exp
c:\school_dev\it266\it266-quake-2-mod\ref_gl\release\ref_gl.tlog\cl.command.1.tlog
c:\school_dev\it266\it266-quake-2-mod\ref_gl\release\ref_gl.tlog\cl.items.tlog
c:\school_dev\it266\it266-quake-2-mod\ref_gl\release\ref_gl.tlog\cl.read.1.tlog
c:\school_dev\it266\it266-quake-2-mod\ref_gl\release\ref_gl.tlog\cl.write.1.tlog
c:\school_dev\it266\it266-quake-2-mod\ref_gl\release\ref_gl.tlog\link.command.1.tlog
c:\school_dev\it266\it266-quake-2-mod\ref_gl\release\ref_gl.tlog\link.read.1.tlog
c:\school_dev\it266\it266-quake-2-mod\ref_gl\release\ref_gl.tlog\link.secondary.1.tlog
c:\school_dev\it266\it266-quake-2-mod\ref_gl\release\ref_gl.tlog\link.write.1.tlog
