  Performing Custom Build Tools
  Microsoft (R) Macro Assembler Version 14.41.34120.0
  Copyright (C) Microsoft Corporation.  All rights reserved.
  
   Assembling: C:\school
MASM : fatal error A1000: cannot open file : C:\school
  Microsoft (R) Macro Assembler Version 14.41.34120.0
  Copyright (C) Microsoft Corporation.  All rights reserved.
  
  Microsoft (R) Macro Assembler Version 14.41.34120.0
  Copyright (C) Microsoft Corporation.  All rights reserved.
  
  Microsoft (R) Macro Assembler Version 14.41.34120.0
  Copyright (C) Microsoft Corporation.  All rights reserved.
  
  Performing Custom Build Tools
   Assembling: C:\school
MASM : fatal error A1000: cannot open file : C:\school
  Performing Custom Build Tools
   Assembling: C:\school
MASM : fatal error A1000: cannot open file : C:\school
  Performing Custom Build Tools
   Assembling: C:\school
MASM : fatal error A1000: cannot open file : C:\school
  Performing Custom Build Tools
  Microsoft (R) Macro Assembler Version 14.41.34120.0
  Copyright (C) Microsoft Corporation.  All rights reserved.
  
   Assembling: C:\school
MASM : fatal error A1000: cannot open file : C:\school
  Performing Custom Build Tools
  Microsoft (R) Macro Assembler Version 14.41.34120.0
  Copyright (C) Microsoft Corporation.  All rights reserved.
  
   Assembling: C:\school
MASM : fatal error A1000: cannot open file : C:\school
  Performing Custom Build Tools
  Microsoft (R) Macro Assembler Version 14.41.34120.0
  Copyright (C) Microsoft Corporation.  All rights reserved.
  
   Assembling: C:\school
MASM : fatal error A1000: cannot open file : C:\school
  Performing Custom Build Tools
  Microsoft (R) Macro Assembler Version 14.41.34120.0
  Copyright (C) Microsoft Corporation.  All rights reserved.
  
   Assembling: C:\school
MASM : fatal error A1000: cannot open file : C:\school
  Performing Custom Build Tools
  Microsoft (R) Macro Assembler Version 14.41.34120.0
  Copyright (C) Microsoft Corporation.  All rights reserved.
  
   Assembling: C:\school
MASM : fatal error A1000: cannot open file : C:\school
C:\Program Files\Microsoft Visual Studio\2022\Community\MSBuild\Microsoft\VC\v170\Microsoft.CppCommon.targets(254,5): error MSB8066: Custom build for 'r_aclipa.asm;r_draw16.asm;r_drawa.asm;r_edgea.asm;r_polysa.asm;r_scana.asm;r_spr8.asm;r_surf8.asm;r_varsa.asm' exited with code 1.
